<?xml version="1.0" encoding="UTF-8"?>
<!-- Generated by org.testng.reporters.JUnitXMLReporter -->
<testsuite ignored="0" hostname="LAPTOP-D04C1MQQ" failures="1" tests="27" name="Test" time="271.805" errors="0" timestamp="2024-03-21T21:06:11 EDT">
  <testcase classname="com.tutorialsNinja.TestCases.RegisterTest" name="verifyRegisterWithMandatoryDetails" time="1.542"/>
  <testcase classname="com.tutorialsNinja.TestCases.RegisterTest" name="verifyRegisterWithMandatoryDetails" time="1.412"/>
  <testcase classname="com.tutorialsNinja.TestCases.RegisterTest" name="verifyRegisterWithMandatoryDetails" time="1.532"/>
  <testcase classname="com.tutorialsNinja.TestCases.RegisterTest" name="verifyRegisterWithMandatoryDetails" time="1.415"/>
  <testcase classname="com.tutorialsNinja.TestCases.RegisterTest" name="verifyRegisterWithMandatoryDetails" time="1.421"/>
  <testcase classname="com.tutorialsNinja.TestCases.RegisterTest" name="verifyRegisterWithMandatoryDetails" time="1.412"/>
  <testcase classname="com.tutorialsNinja.TestCases.RegisterTest" name="verifyRegisterWithMandatoryDetails" time="1.667"/>
  <testcase classname="com.tutorialsNinja.TestCases.RegisterTest" name="verifyRegisterWithMandatoryDetails" time="1.457"/>
  <testcase classname="com.tutorialsNinja.TestCases.RegisterTest" name="verifyRegisterWithAllDetails" time="1.426"/>
  <testcase classname="com.tutorialsNinja.TestCases.RegisterTest" name="verifyRegisterWithExistingEmail" time="1.048"/>
  <testcase classname="com.tutorialsNinja.TestCases.RegisterTest" name="verifyRegisterWithWrongConfirmPassword" time="1.089"/>
  <testcase classname="com.tutorialsNinja.TestCases.RegisterTest" name="verifyRegisterWithNoDetails" time="0.598"/>
  <testcase classname="com.tutorialsNinja.TestCases.LoginTest" name="loginWithValidCredentials" time="1.294"/>
  <testcase classname="com.tutorialsNinja.TestCases.LoginTest" name="loginWithValidCredentials" time="1.327"/>
  <testcase classname="com.tutorialsNinja.TestCases.LoginTest" name="loginWithValidCredentials" time="1.051"/>
  <testcase classname="com.tutorialsNinja.TestCases.LoginTest" name="loginWithValidCredentials" time="1.275"/>
  <testcase classname="com.tutorialsNinja.TestCases.LoginTest" name="loginWithValidCredentials" time="1.346"/>
  <testcase classname="com.tutorialsNinja.TestCases.LoginTest" name="loginWithValidCredentials" time="1.027"/>
  <testcase classname="com.tutorialsNinja.TestCases.LoginTest" name="loginWithValidCredentials" time="1.041"/>
  <testcase classname="com.tutorialsNinja.TestCases.LoginTest" name="loginWithValidCredentials" time="1.047"/>
  <testcase classname="com.tutorialsNinja.TestCases.LoginTest" name="loginWithValidEmailInvalidPassword" time="0.792"/>
  <testcase classname="com.tutorialsNinja.TestCases.LoginTest" name="loginWithInvalidEmailValidPassword" time="0.782"/>
  <testcase classname="com.tutorialsNinja.TestCases.LoginTest" name="loginWithInvalidCredentials" time="0.807"/>
  <testcase classname="com.tutorialsNinja.TestCases.LoginTest" name="loginWithNoCredentials" time="0.803"/>
  <testcase classname="com.tutorialsNinja.TestCases.SearchProductTest" name="verifySearchValidProduct" time="0.769"/>
  <testcase classname="com.tutorialsNinja.TestCases.SearchProductTest" name="verifySearchInvalidProduct" time="0.524">
    <failure type="java.lang.AssertionError" message="expected [false] but found [true]">
      <![CDATA[java.lang.AssertionError: expected [false] but found [true]
at com.tutorialsNinja.TestCases.SearchProductTest.verifySearchInvalidProduct(SearchProductTest.java:46)
at java.base/java.util.ArrayList.forEach(ArrayList.java:1511)
... Removed 31 stack frames]]>
    </failure>
  </testcase> <!-- verifySearchInvalidProduct -->
  <testcase classname="com.tutorialsNinja.TestCases.SearchProductTest" name="verifySearchNoProduct" time="0.45"/>
</testsuite> <!-- Test -->
